[build] plan:
  astropy__astropy             cur=bge:BAAI/bge-code-v1 dim=1536 n=40522  -> OK (skip)
  atelier__atelier             cur=bge:BAAI/bge-code-v1 dim=1536 n=19858  -> OK (skip)
  django__django               cur=bge:BAAI/bge-code-v1 dim=1536 n=42023  -> OK (skip)
  matplotlib__matplotlib       cur=(none) dim=0 n=0  -> BUILD
  mwaskom__seaborn             cur=(none) dim=0 n=0  -> BUILD
  pallets__flask               cur=(none) dim=0 n=0  -> BUILD
  psf__requests                cur=(none) dim=0 n=0  -> BUILD
  pydata__xarray               cur=bge:BAAI/bge-code-v1 dim=1536 n=5171  -> OK (skip)
  pylint-dev__pylint           cur=(none) dim=0 n=0  -> BUILD
  pytest-dev__pytest           cur=bge:BAAI/bge-code-v1 dim=1536 n=4163  -> OK (skip)
  scikit-learn__scikit-learn   cur=bge:BAAI/bge-code-v1 dim=1536 n=12642  -> OK (skip)
  sphinx-doc__sphinx           cur=(none) dim=0 n=0  -> BUILD
  sympy__sympy                 cur=bge:BAAI/bge-code-v1 dim=1536 n=24048  -> OK (skip)
[build] loading shared bge:BAAI/bge-code-v1 on GPU ...
Traceback (most recent call last):
  File "/home/pankaj/Projects/leanchain/atelier/experiments/retrieval_symbol_vote/build_bge_vectors.py", line 113, in <module>
    raise SystemExit(main())
                     ~~~~^^
  File "/home/pankaj/Projects/leanchain/atelier/experiments/retrieval_symbol_vote/build_bge_vectors.py", line 84, in main
    shared.embed(["warmup"])  # force model load now
    ~~~~~~~~~~~~^^^^^^^^^^^^
  File "/home/pankaj/Projects/leanchain/atelier/src/atelier/infra/embeddings/bge.py", line 40, in embed
    model = self._load()
  File "/home/pankaj/Projects/leanchain/atelier/src/atelier/infra/embeddings/bge.py", line 85, in _load
    import torch
ModuleNotFoundError: No module named 'torch'
