repo                   idx_root_exists  shards  state               ens_started
django__django                    True       1   True  RuntimeError: no Zoekt index found at /home/pankaj/.at
pytest-dev__pytest                True       1   True  RuntimeError: no Zoekt index found at /home/pankaj/.at
astropy__astropy                  True       1   True  RuntimeError: no Zoekt index found at /home/pankaj/.at
sympy__sympy                      True       1   True  RuntimeError: no Zoekt index found at /home/pankaj/.at
scikit-learn__scikit-learn            True       1   True  RuntimeError: no Zoekt index found at /home/pankaj/.at
pydata__xarray                    True       1   True  RuntimeError: no Zoekt index found at /home/pankaj/.at
matplotlib__matplotlib            True       1   True  RuntimeError: no Zoekt index found at /home/pankaj/.at
mwaskom__seaborn                  True       1   True  RuntimeError: no Zoekt index found at /home/pankaj/.at
pallets__flask                    True       1   True  RuntimeError: no Zoekt index found at /home/pankaj/.at
psf__requests                     True       1   True  RuntimeError: no Zoekt index found at /home/pankaj/.at
pylint-dev__pylint                True       1   True  RuntimeError: no Zoekt index found at /home/pankaj/.at
sphinx-doc__sphinx                True       1   True  RuntimeError: no Zoekt index found at /home/pankaj/.at
atelier__atelier                  True       2   True  RuntimeError: no Zoekt index found at /home/pankaj/.at

--- warming webservers 20s, then 3 timed zoekt calls/repo ---
repo                    ws_failed    avg_ms
django__django              False      29.1
pytest-dev__pytest          False       1.7
astropy__astropy            False     136.6
sympy__sympy                False       0.0
scikit-learn__scikit-learn      False       5.0
pydata__xarray              False      38.4
matplotlib__matplotlib      False      12.3
mwaskom__seaborn            False     172.2
pallets__flask              False      17.6
psf__requests               False       0.0
pylint-dev__pylint          False       4.7
sphinx-doc__sphinx          False       0.0
atelier__atelier            False      23.3

PATH COUNTS (post-warm): {'ws': 30, 'cli': 2}
EXIT=0
